C:\USERS\DELL\DESKTOP\OOP大作业\OOP大作业\DEBUG\FILE.OBJ
C:\USERS\DELL\DESKTOP\OOP大作业\OOP大作业\DEBUG\VC110.PDB
C:\USERS\DELL\DESKTOP\OOP大作业\DEBUG\OOP大作业.ILK
C:\USERS\DELL\DESKTOP\OOP大作业\DEBUG\OOP大作业.EXE
C:\USERS\DELL\DESKTOP\OOP大作业\DEBUG\OOP大作业.PDB
C:\Users\DELL\Desktop\OOP大作业\OOP大作业\Debug\file.obj
C:\Users\DELL\Desktop\OOP大作业\OOP大作业\Debug\cl.command.1.tlog
C:\Users\DELL\Desktop\OOP大作业\OOP大作业\Debug\CL.read.1.tlog
C:\Users\DELL\Desktop\OOP大作业\OOP大作业\Debug\CL.write.1.tlog
C:\Users\DELL\Desktop\OOP大作业\OOP大作业\Debug\link-cvtres.read.1.tlog
C:\Users\DELL\Desktop\OOP大作业\OOP大作业\Debug\link-cvtres.write.1.tlog
C:\Users\DELL\Desktop\OOP大作业\OOP大作业\Debug\link-rc.read.1.tlog
C:\Users\DELL\Desktop\OOP大作业\OOP大作业\Debug\link-rc.write.1.tlog
C:\Users\DELL\Desktop\OOP大作业\OOP大作业\Debug\link.command.1.tlog
C:\Users\DELL\Desktop\OOP大作业\OOP大作业\Debug\link.read.1.tlog
C:\Users\DELL\Desktop\OOP大作业\OOP大作业\Debug\link.write.1.tlog
C:\Users\DELL\Desktop\OOP大作业\OOP大作业\Debug\vc110.idb
C:\Users\DELL\Desktop\OOP大作业\OOP大作业\Debug\vc110.pdb
C:\Users\DELL\Desktop\OOP大作业\Debug\OOP大作业.pdb
C:\Users\DELL\Desktop\OOP大作业\Debug\OOP大作业.exe
C:\Users\DELL\Desktop\OOP大作业\Debug\OOP大作业.ilk
